[2025-10-13T23:26:20+02:00] Attempting to send email to: ivla.versoza.coc@phinmaed.com | Subject: Demirens Booking
[2025-10-13T23:26:20+02:00] SMTP Debug (level 2): SERVER -> CLIENT: 220 smtp.gmail.com ESMTP d2e1a72fcca58-7992db82007sm12650906b3a.77 - gsmtp

[2025-10-13T23:26:20+02:00] SMTP Debug (level 1): CLIENT -> SERVER: EHLO localhost

[2025-10-13T23:26:20+02:00] SMTP Debug (level 2): SERVER -> CLIENT: 250-smtp.gmail.com at your service, [143.44.192.55]
250-SIZE 35882577
250-8BITMIME
250-STARTTLS
250-ENHANCEDSTATUSCODES
250-PIPELINING
250-CHUNKING
250 SMTPUTF8

[2025-10-13T23:26:20+02:00] SMTP Debug (level 1): CLIENT -> SERVER: STARTTLS

[2025-10-13T23:26:20+02:00] SMTP Debug (level 2): SERVER -> CLIENT: 220 2.0.0 Ready to start TLS

[2025-10-13T23:26:21+02:00] SMTP Debug (level 1): CLIENT -> SERVER: EHLO localhost

[2025-10-13T23:26:21+02:00] SMTP Debug (level 2): SERVER -> CLIENT: 250-smtp.gmail.com at your service, [143.44.192.55]
250-SIZE 35882577
250-8BITMIME
250-AUTH LOGIN PLAIN XOAUTH2 PLAIN-CLIENTTOKEN OAUTHBEARER XOAUTH
250-ENHANCEDSTATUSCODES
250-PIPELINING
250-CHUNKING
250 SMTPUTF8

[2025-10-13T23:26:21+02:00] SMTP Debug (level 1): CLIENT -> SERVER: AUTH LOGIN

[2025-10-13T23:26:21+02:00] SMTP Debug (level 2): SERVER -> CLIENT: 334 VXNlcm5hbWU6

[2025-10-13T23:26:21+02:00] SMTP Debug (level 1): CLIENT -> SERVER: [credentials hidden]
[2025-10-13T23:26:21+02:00] SMTP Debug (level 2): SERVER -> CLIENT: 334 UGFzc3dvcmQ6

[2025-10-13T23:26:21+02:00] SMTP Debug (level 1): CLIENT -> SERVER: [credentials hidden]
[2025-10-13T23:26:21+02:00] SMTP Debug (level 2): SERVER -> CLIENT: 235 2.7.0 Accepted

[2025-10-13T23:26:21+02:00] SMTP Debug (level 1): CLIENT -> SERVER: MAIL FROM:<ikversoza@gmail.com>

[2025-10-13T23:26:22+02:00] SMTP Debug (level 2): SERVER -> CLIENT: 250 2.1.0 OK d2e1a72fcca58-7992db82007sm12650906b3a.77 - gsmtp

[2025-10-13T23:26:22+02:00] SMTP Debug (level 1): CLIENT -> SERVER: RCPT TO:<ivla.versoza.coc@phinmaed.com>

[2025-10-13T23:26:22+02:00] SMTP Debug (level 2): SERVER -> CLIENT: 250 2.1.5 OK d2e1a72fcca58-7992db82007sm12650906b3a.77 - gsmtp

[2025-10-13T23:26:22+02:00] SMTP Debug (level 1): CLIENT -> SERVER: DATA

[2025-10-13T23:26:22+02:00] SMTP Debug (level 2): SERVER -> CLIENT: 354 Go ahead d2e1a72fcca58-7992db82007sm12650906b3a.77 - gsmtp

[2025-10-13T23:26:22+02:00] SMTP Debug (level 1): CLIENT -> SERVER: Date: Mon, 13 Oct 2025 23:26:20 +0200

[2025-10-13T23:26:22+02:00] SMTP Debug (level 1): CLIENT -> SERVER: To: Guest <ivla.versoza.coc@phinmaed.com>

[2025-10-13T23:26:22+02:00] SMTP Debug (level 1): CLIENT -> SERVER: From: Demiren Hotel <ikversoza@gmail.com>

[2025-10-13T23:26:22+02:00] SMTP Debug (level 1): CLIENT -> SERVER: Subject: Demirens Booking

[2025-10-13T23:26:22+02:00] SMTP Debug (level 1): CLIENT -> SERVER: Message-ID: <huIugfADYoloMUd2LE3WKZery0IUm90Md8V4ZmDMmc@localhost>

[2025-10-13T23:26:22+02:00] SMTP Debug (level 1): CLIENT -> SERVER: X-Mailer: PHPMailer 6.9.3 (https://github.com/PHPMailer/PHPMailer)

[2025-10-13T23:26:22+02:00] SMTP Debug (level 1): CLIENT -> SERVER: MIME-Version: 1.0

[2025-10-13T23:26:22+02:00] SMTP Debug (level 1): CLIENT -> SERVER: Content-Type: multipart/alternative;

[2025-10-13T23:26:22+02:00] SMTP Debug (level 1): CLIENT -> SERVER:  boundary="b1=_huIugfADYoloMUd2LE3WKZery0IUm90Md8V4ZmDMmc"

[2025-10-13T23:26:22+02:00] SMTP Debug (level 1): CLIENT -> SERVER: Content-Transfer-Encoding: 8bit

[2025-10-13T23:26:22+02:00] SMTP Debug (level 1): CLIENT -> SERVER: 

[2025-10-13T23:26:22+02:00] SMTP Debug (level 1): CLIENT -> SERVER: --b1=_huIugfADYoloMUd2LE3WKZery0IUm90Md8V4ZmDMmc

[2025-10-13T23:26:22+02:00] SMTP Debug (level 1): CLIENT -> SERVER: Content-Type: text/plain; charset=us-ascii

[2025-10-13T23:26:22+02:00] SMTP Debug (level 1): CLIENT -> SERVER: 

[2025-10-13T23:26:22+02:00] SMTP Debug (level 1): CLIENT -> SERVER: This is the plain text version of the email.

[2025-10-13T23:26:22+02:00] SMTP Debug (level 1): CLIENT -> SERVER: 

[2025-10-13T23:26:22+02:00] SMTP Debug (level 1): CLIENT -> SERVER: --b1=_huIugfADYoloMUd2LE3WKZery0IUm90Md8V4ZmDMmc

[2025-10-13T23:26:22+02:00] SMTP Debug (level 1): CLIENT -> SERVER: Content-Type: text/html; charset=UTF-8

[2025-10-13T23:26:22+02:00] SMTP Debug (level 1): CLIENT -> SERVER: Content-Transfer-Encoding: 8bit

[2025-10-13T23:26:22+02:00] SMTP Debug (level 1): CLIENT -> SERVER: 

[2025-10-13T23:26:22+02:00] SMTP Debug (level 1): CLIENT -> SERVER: 

[2025-10-13T23:26:22+02:00] SMTP Debug (level 1): CLIENT -> SERVER:                     <html>

[2025-10-13T23:26:22+02:00] SMTP Debug (level 1): CLIENT -> SERVER:                     <head>

[2025-10-13T23:26:22+02:00] SMTP Debug (level 1): CLIENT -> SERVER:                     <meta name="viewport" content="width=device-width, initial-scale=1.0">

[2025-10-13T23:26:22+02:00] SMTP Debug (level 1): CLIENT -> SERVER:                     <style>

[2025-10-13T23:26:22+02:00] SMTP Debug (level 1): CLIENT -> SERVER:                         /* Base styles */

[2025-10-13T23:26:22+02:00] SMTP Debug (level 1): CLIENT -> SERVER:                         body {

[2025-10-13T23:26:22+02:00] SMTP Debug (level 1): CLIENT -> SERVER:                             margin: 0;

[2025-10-13T23:26:22+02:00] SMTP Debug (level 1): CLIENT -> SERVER:                             padding: 0;

[2025-10-13T23:26:22+02:00] SMTP Debug (level 1): CLIENT -> SERVER:                             font-family: "Segoe UI", Roboto, Helvetica, Arial, sans-serif;

[2025-10-13T23:26:22+02:00] SMTP Debug (level 1): CLIENT -> SERVER:                             background-color: #f4f6f8;

[2025-10-13T23:26:22+02:00] SMTP Debug (level 1): CLIENT -> SERVER:                             color: #333;

[2025-10-13T23:26:22+02:00] SMTP Debug (level 1): CLIENT -> SERVER:                         }

[2025-10-13T23:26:22+02:00] SMTP Debug (level 1): CLIENT -> SERVER: 

[2025-10-13T23:26:22+02:00] SMTP Debug (level 1): CLIENT -> SERVER:                         .email-wrapper {

[2025-10-13T23:26:22+02:00] SMTP Debug (level 1): CLIENT -> SERVER:                             width: 100%;

[2025-10-13T23:26:22+02:00] SMTP Debug (level 1): CLIENT -> SERVER:                             background-color: #f4f6f8;

[2025-10-13T23:26:22+02:00] SMTP Debug (level 1): CLIENT -> SERVER:                             padding: 40px 0;

[2025-10-13T23:26:22+02:00] SMTP Debug (level 1): CLIENT -> SERVER:                         }

[2025-10-13T23:26:22+02:00] SMTP Debug (level 1): CLIENT -> SERVER: 

[2025-10-13T23:26:22+02:00] SMTP Debug (level 1): CLIENT -> SERVER:                         .email-container {

[2025-10-13T23:26:22+02:00] SMTP Debug (level 1): CLIENT -> SERVER:                             max-width: 600px;

[2025-10-13T23:26:22+02:00] SMTP Debug (level 1): CLIENT -> SERVER:                             margin: 0 auto;

[2025-10-13T23:26:22+02:00] SMTP Debug (level 1): CLIENT -> SERVER:                             background-color: #ffffff;

[2025-10-13T23:26:22+02:00] SMTP Debug (level 1): CLIENT -> SERVER:                             border-radius: 12px;

[2025-10-13T23:26:22+02:00] SMTP Debug (level 1): CLIENT -> SERVER:                             overflow: hidden;

[2025-10-13T23:26:22+02:00] SMTP Debug (level 1): CLIENT -> SERVER:                             box-shadow: 0 2px 10px rgba(0, 0, 0, 0.08);

[2025-10-13T23:26:22+02:00] SMTP Debug (level 1): CLIENT -> SERVER:                             border: 1px solid #e6ebf1;

[2025-10-13T23:26:22+02:00] SMTP Debug (level 1): CLIENT -> SERVER:                         }

[2025-10-13T23:26:22+02:00] SMTP Debug (level 1): CLIENT -> SERVER: 

[2025-10-13T23:26:22+02:00] SMTP Debug (level 1): CLIENT -> SERVER:                         /* Header */

[2025-10-13T23:26:22+02:00] SMTP Debug (level 1): CLIENT -> SERVER:                         .email-header {

[2025-10-13T23:26:22+02:00] SMTP Debug (level 1): CLIENT -> SERVER:                             background: linear-gradient(135deg, #1a73e8, #4285f4);

[2025-10-13T23:26:22+02:00] SMTP Debug (level 1): CLIENT -> SERVER:                             color: white;

[2025-10-13T23:26:22+02:00] SMTP Debug (level 1): CLIENT -> SERVER:                             text-align: center;

[2025-10-13T23:26:22+02:00] SMTP Debug (level 1): CLIENT -> SERVER:                             padding: 25px 20px;

[2025-10-13T23:26:22+02:00] SMTP Debug (level 1): CLIENT -> SERVER:                         }

[2025-10-13T23:26:22+02:00] SMTP Debug (level 1): CLIENT -> SERVER: 

[2025-10-13T23:26:22+02:00] SMTP Debug (level 1): CLIENT -> SERVER:                         .email-header h1 {

[2025-10-13T23:26:22+02:00] SMTP Debug (level 1): CLIENT -> SERVER:                             margin: 0;

[2025-10-13T23:26:22+02:00] SMTP Debug (level 1): CLIENT -> SERVER:                             font-size: 22px;

[2025-10-13T23:26:22+02:00] SMTP Debug (level 1): CLIENT -> SERVER:                             font-weight: 600;

[2025-10-13T23:26:22+02:00] SMTP Debug (level 1): CLIENT -> SERVER:                             letter-spacing: 0.3px;

[2025-10-13T23:26:22+02:00] SMTP Debug (level 1): CLIENT -> SERVER:                         }

[2025-10-13T23:26:22+02:00] SMTP Debug (level 1): CLIENT -> SERVER: 

[2025-10-13T23:26:22+02:00] SMTP Debug (level 1): CLIENT -> SERVER:                         /* Body content */

[2025-10-13T23:26:22+02:00] SMTP Debug (level 1): CLIENT -> SERVER:                         .email-body {

[2025-10-13T23:26:22+02:00] SMTP Debug (level 1): CLIENT -> SERVER:                             padding: 35px 40px;

[2025-10-13T23:26:22+02:00] SMTP Debug (level 1): CLIENT -> SERVER:                         }

[2025-10-13T23:26:22+02:00] SMTP Debug (level 1): CLIENT -> SERVER: 

[2025-10-13T23:26:22+02:00] SMTP Debug (level 1): CLIENT -> SERVER:                         .email-body h2 {

[2025-10-13T23:26:22+02:00] SMTP Debug (level 1): CLIENT -> SERVER:                             font-size: 20px;

[2025-10-13T23:26:22+02:00] SMTP Debug (level 1): CLIENT -> SERVER:                             font-weight: 600;

[2025-10-13T23:26:22+02:00] SMTP Debug (level 1): CLIENT -> SERVER:                             color: #1a73e8;

[2025-10-13T23:26:22+02:00] SMTP Debug (level 1): CLIENT -> SERVER:                             margin-top: 0;

[2025-10-13T23:26:22+02:00] SMTP Debug (level 1): CLIENT -> SERVER:                             margin-bottom: 15px;

[2025-10-13T23:26:22+02:00] SMTP Debug (level 1): CLIENT -> SERVER:                         }

[2025-10-13T23:26:22+02:00] SMTP Debug (level 1): CLIENT -> SERVER: 

[2025-10-13T23:26:22+02:00] SMTP Debug (level 1): CLIENT -> SERVER:                         .email-body p {

[2025-10-13T23:26:22+02:00] SMTP Debug (level 1): CLIENT -> SERVER:                             font-size: 15px;

[2025-10-13T23:26:22+02:00] SMTP Debug (level 1): CLIENT -> SERVER:                             line-height: 1.7;

[2025-10-13T23:26:22+02:00] SMTP Debug (level 1): CLIENT -> SERVER:                             color: #444;

[2025-10-13T23:26:22+02:00] SMTP Debug (level 1): CLIENT -> SERVER:                             margin: 10px 0;

[2025-10-13T23:26:22+02:00] SMTP Debug (level 1): CLIENT -> SERVER:                         }

[2025-10-13T23:26:22+02:00] SMTP Debug (level 1): CLIENT -> SERVER: 

[2025-10-13T23:26:22+02:00] SMTP Debug (level 1): CLIENT -> SERVER:                         .email-highlight {

[2025-10-13T23:26:22+02:00] SMTP Debug (level 1): CLIENT -> SERVER:                             background-color: #f1f6ff;

[2025-10-13T23:26:22+02:00] SMTP Debug (level 1): CLIENT -> SERVER:                             border-left: 4px solid #1a73e8;

[2025-10-13T23:26:22+02:00] SMTP Debug (level 1): CLIENT -> SERVER:                             padding: 12px 16px;

[2025-10-13T23:26:22+02:00] SMTP Debug (level 1): CLIENT -> SERVER:                             margin: 25px 0;

[2025-10-13T23:26:22+02:00] SMTP Debug (level 1): CLIENT -> SERVER:                             border-radius: 6px;

[2025-10-13T23:26:22+02:00] SMTP Debug (level 1): CLIENT -> SERVER:                             color: #1a1a1a;

[2025-10-13T23:26:22+02:00] SMTP Debug (level 1): CLIENT -> SERVER:                             font-size: 14px;

[2025-10-13T23:26:22+02:00] SMTP Debug (level 1): CLIENT -> SERVER:                             line-height: 1.6;

[2025-10-13T23:26:22+02:00] SMTP Debug (level 1): CLIENT -> SERVER:                         }

[2025-10-13T23:26:22+02:00] SMTP Debug (level 1): CLIENT -> SERVER: 

[2025-10-13T23:26:22+02:00] SMTP Debug (level 1): CLIENT -> SERVER:                         /* Button */

[2025-10-13T23:26:22+02:00] SMTP Debug (level 1): CLIENT -> SERVER:                         .email-button {

[2025-10-13T23:26:22+02:00] SMTP Debug (level 1): CLIENT -> SERVER:                             display: inline-block;

[2025-10-13T23:26:22+02:00] SMTP Debug (level 1): CLIENT -> SERVER:                             background-color: #1a73e8;

[2025-10-13T23:26:22+02:00] SMTP Debug (level 1): CLIENT -> SERVER:                             color: #ffffff;

[2025-10-13T23:26:22+02:00] SMTP Debug (level 1): CLIENT -> SERVER:                             padding: 12px 28px;

[2025-10-13T23:26:22+02:00] SMTP Debug (level 1): CLIENT -> SERVER:                             border-radius: 6px;

[2025-10-13T23:26:22+02:00] SMTP Debug (level 1): CLIENT -> SERVER:                             font-size: 15px;

[2025-10-13T23:26:22+02:00] SMTP Debug (level 1): CLIENT -> SERVER:                             text-decoration: none;

[2025-10-13T23:26:22+02:00] SMTP Debug (level 1): CLIENT -> SERVER:                             font-weight: 500;

[2025-10-13T23:26:22+02:00] SMTP Debug (level 1): CLIENT -> SERVER:                             margin-top: 20px;

[2025-10-13T23:26:22+02:00] SMTP Debug (level 1): CLIENT -> SERVER:                         }

[2025-10-13T23:26:22+02:00] SMTP Debug (level 1): CLIENT -> SERVER: 

[2025-10-13T23:26:22+02:00] SMTP Debug (level 1): CLIENT -> SERVER:                         .email-button:hover {

[2025-10-13T23:26:22+02:00] SMTP Debug (level 1): CLIENT -> SERVER:                             background-color: #1669c1;

[2025-10-13T23:26:22+02:00] SMTP Debug (level 1): CLIENT -> SERVER:                         }

[2025-10-13T23:26:22+02:00] SMTP Debug (level 1): CLIENT -> SERVER: 

[2025-10-13T23:26:22+02:00] SMTP Debug (level 1): CLIENT -> SERVER:                         /* Footer */

[2025-10-13T23:26:22+02:00] SMTP Debug (level 1): CLIENT -> SERVER:                         .email-footer {

[2025-10-13T23:26:22+02:00] SMTP Debug (level 1): CLIENT -> SERVER:                             font-size: 12px;

[2025-10-13T23:26:22+02:00] SMTP Debug (level 1): CLIENT -> SERVER:                             color: #777;

[2025-10-13T23:26:22+02:00] SMTP Debug (level 1): CLIENT -> SERVER:                             text-align: center;

[2025-10-13T23:26:22+02:00] SMTP Debug (level 1): CLIENT -> SERVER:                             border-top: 1px solid #eaeaea;

[2025-10-13T23:26:22+02:00] SMTP Debug (level 1): CLIENT -> SERVER:                             padding: 20px 10px;

[2025-10-13T23:26:22+02:00] SMTP Debug (level 1): CLIENT -> SERVER:                             background-color: #fafafa;

[2025-10-13T23:26:22+02:00] SMTP Debug (level 1): CLIENT -> SERVER:                         }

[2025-10-13T23:26:22+02:00] SMTP Debug (level 1): CLIENT -> SERVER: 

[2025-10-13T23:26:22+02:00] SMTP Debug (level 1): CLIENT -> SERVER:                         /* Mobile responsive */

[2025-10-13T23:26:22+02:00] SMTP Debug (level 1): CLIENT -> SERVER:                         @media only screen and (max-width: 600px) {

[2025-10-13T23:26:22+02:00] SMTP Debug (level 1): CLIENT -> SERVER:                             .email-body {

[2025-10-13T23:26:22+02:00] SMTP Debug (level 1): CLIENT -> SERVER:                                 padding: 25px 20px;

[2025-10-13T23:26:22+02:00] SMTP Debug (level 1): CLIENT -> SERVER:                             }

[2025-10-13T23:26:22+02:00] SMTP Debug (level 1): CLIENT -> SERVER:                             .email-header h1 {

[2025-10-13T23:26:22+02:00] SMTP Debug (level 1): CLIENT -> SERVER:                                 font-size: 20px;

[2025-10-13T23:26:22+02:00] SMTP Debug (level 1): CLIENT -> SERVER:                             }

[2025-10-13T23:26:22+02:00] SMTP Debug (level 1): CLIENT -> SERVER:                         }

[2025-10-13T23:26:22+02:00] SMTP Debug (level 1): CLIENT -> SERVER:                     </style>

[2025-10-13T23:26:22+02:00] SMTP Debug (level 1): CLIENT -> SERVER:                     </head>

[2025-10-13T23:26:22+02:00] SMTP Debug (level 1): CLIENT -> SERVER:                     <body>

[2025-10-13T23:26:22+02:00] SMTP Debug (level 1): CLIENT -> SERVER:                         <div class="email-wrapper">

[2025-10-13T23:26:22+02:00] SMTP Debug (level 1): CLIENT -> SERVER:                             <div class="email-container">

[2025-10-13T23:26:22+02:00] SMTP Debug (level 1): CLIENT -> SERVER:                                 <div class="email-header">

[2025-10-13T23:26:22+02:00] SMTP Debug (level 1): CLIENT -> SERVER:                                     <h1>Demiren Hotel & Restaurant</h1>

[2025-10-13T23:26:22+02:00] SMTP Debug (level 1): CLIENT -> SERVER:                                 </div>

[2025-10-13T23:26:22+02:00] SMTP Debug (level 1): CLIENT -> SERVER: 

[2025-10-13T23:26:22+02:00] SMTP Debug (level 1): CLIENT -> SERVER:                                 <div class="email-body">

[2025-10-13T23:26:22+02:00] SMTP Debug (level 1): CLIENT -> SERVER:                                     <h2>Your Booking Request Has Been Received!</h2>

[2025-10-13T23:26:22+02:00] SMTP Debug (level 1): CLIENT -> SERVER: 

[2025-10-13T23:26:22+02:00] SMTP Debug (level 1): CLIENT -> SERVER:                                     <p>Hi there,</p>

[2025-10-13T23:26:22+02:00] SMTP Debug (level 1): CLIENT -> SERVER:                                     <p>Thank you for choosing <strong>Demiren Hotel & Restaurant</strong>. We’re delighted that you’re planning to stay with us!</p>

[2025-10-13T23:26:22+02:00] SMTP Debug (level 1): CLIENT -> SERVER: 

[2025-10-13T23:26:22+02:00] SMTP Debug (level 1): CLIENT -> SERVER:                                     <div class="email-highlight">

[2025-10-13T23:26:22+02:00] SMTP Debug (level 1): CLIENT -> SERVER:                                         <strong>Your booking request is currently under review.</strong><br>

[2025-10-13T23:26:22+02:00] SMTP Debug (level 1): CLIENT -> SERVER:                                         Once it’s approved by our front desk team, you’ll receive a confirmation email with all the details of your stay.

[2025-10-13T23:26:22+02:00] SMTP Debug (level 1): CLIENT -> SERVER:                                         You may cancel it within 24 hours Just contact us at <a href="mailto:demirenhotel@gmail.com" style="color:#1a73e8; text-decoration:none;">info@demirenhotel.com</a>.

[2025-10-13T23:26:22+02:00] SMTP Debug (level 1): CLIENT -> SERVER:                                     </div>

[2025-10-13T23:26:22+02:00] SMTP Debug (level 1): CLIENT -> SERVER: 

[2025-10-13T23:26:22+02:00] SMTP Debug (level 1): CLIENT -> SERVER:                                     <p>If you have any questions in the meantime, feel free to contact us at <a href="mailto:demirenhotel@gmail.com" style="color:#1a73e8; text-decoration:none;">info@demirenhotel.com</a>.</p>

[2025-10-13T23:26:22+02:00] SMTP Debug (level 1): CLIENT -> SERVER:                                     <p>We look forward to welcoming you soon!</p>

[2025-10-13T23:26:22+02:00] SMTP Debug (level 1): CLIENT -> SERVER: 

[2025-10-13T23:26:22+02:00] SMTP Debug (level 1): CLIENT -> SERVER:                                     <p>Warm regards,<br>

[2025-10-13T23:26:22+02:00] SMTP Debug (level 1): CLIENT -> SERVER:                                     <strong>The Demiren Team</strong></p>

[2025-10-13T23:26:22+02:00] SMTP Debug (level 1): CLIENT -> SERVER: 

[2025-10-13T23:26:22+02:00] SMTP Debug (level 1): CLIENT -> SERVER:                                     

[2025-10-13T23:26:22+02:00] SMTP Debug (level 1): CLIENT -> SERVER:                                 </div>

[2025-10-13T23:26:22+02:00] SMTP Debug (level 1): CLIENT -> SERVER: 

[2025-10-13T23:26:22+02:00] SMTP Debug (level 1): CLIENT -> SERVER:                                 <div class="email-footer">

[2025-10-13T23:26:22+02:00] SMTP Debug (level 1): CLIENT -> SERVER:                                     This is an automated message from Demiren Hotel & Restaurant.<br>

[2025-10-13T23:26:22+02:00] SMTP Debug (level 1): CLIENT -> SERVER:                                     Please do not reply directly to this email.

[2025-10-13T23:26:22+02:00] SMTP Debug (level 1): CLIENT -> SERVER:                                 </div>

[2025-10-13T23:26:22+02:00] SMTP Debug (level 1): CLIENT -> SERVER:                             </div>

[2025-10-13T23:26:22+02:00] SMTP Debug (level 1): CLIENT -> SERVER:                         </div>

[2025-10-13T23:26:22+02:00] SMTP Debug (level 1): CLIENT -> SERVER:                     </body>

[2025-10-13T23:26:22+02:00] SMTP Debug (level 1): CLIENT -> SERVER:                     </html>

[2025-10-13T23:26:22+02:00] SMTP Debug (level 1): CLIENT -> SERVER: 

[2025-10-13T23:26:22+02:00] SMTP Debug (level 1): CLIENT -> SERVER: 

[2025-10-13T23:26:22+02:00] SMTP Debug (level 1): CLIENT -> SERVER: --b1=_huIugfADYoloMUd2LE3WKZery0IUm90Md8V4ZmDMmc--

[2025-10-13T23:26:22+02:00] SMTP Debug (level 1): CLIENT -> SERVER: 

[2025-10-13T23:26:22+02:00] SMTP Debug (level 1): CLIENT -> SERVER: .

[2025-10-13T23:26:23+02:00] SMTP Debug (level 2): SERVER -> CLIENT: 250 2.0.0 OK  1760390782 d2e1a72fcca58-7992db82007sm12650906b3a.77 - gsmtp

[2025-10-13T23:26:23+02:00] SMTP Debug (level 1): CLIENT -> SERVER: QUIT

[2025-10-13T23:26:23+02:00] SMTP Debug (level 2): SERVER -> CLIENT: 221 2.0.0 closing connection d2e1a72fcca58-7992db82007sm12650906b3a.77 - gsmtp

[2025-10-13T23:26:23+02:00] Email sent successfully to: ivla.versoza.coc@phinmaed.com
